<?xml version="1.0" encoding="UTF-8"?>
<testsuite xmlns:xsi="http://www.w3.org/2001/XMLSchema-instance" xsi:noNamespaceSchemaLocation="https://maven.apache.org/surefire/maven-surefire-plugin/xsd/surefire-test-report.xsd" version="3.0.2" name="com.steverhoton.poc.docprocessing.LambdaHandlerTest" time="1.237" tests="1" errors="0" skipped="0" failures="0">
  <properties>
    <property name="java.specification.version" value="23"/>
    <property name="sun.jnu.encoding" value="UTF-8"/>
    <property name="test.url" value="http://localhost:8081"/>
    <property name="java.class.path" value="/Users/steverhoton/git/document-processing/java/com.steverhoton.poc.docprocessing/target/test-classes:/Users/steverhoton/git/document-processing/java/com.steverhoton.poc.docprocessing/target/classes:/Users/steverhoton/.m2/repository/io/quarkus/quarkus-amazon-lambda/3.18.1/quarkus-amazon-lambda-3.18.1.jar:/Users/steverhoton/.m2/repository/io/quarkus/quarkus-amazon-lambda-common/3.18.1/quarkus-amazon-lambda-common-3.18.1.jar:/Users/steverhoton/.m2/repository/com/amazonaws/aws-lambda-java-core/1.2.3/aws-lambda-java-core-1.2.3.jar:/Users/steverhoton/.m2/repository/com/amazonaws/aws-lambda-java-events/3.14.0/aws-lambda-java-events-3.14.0.jar:/Users/steverhoton/.m2/repository/io/quarkus/quarkus-arc/3.18.1/quarkus-arc-3.18.1.jar:/Users/steverhoton/.m2/repository/io/quarkus/arc/arc/3.18.1/arc-3.18.1.jar:/Users/steverhoton/.m2/repository/jakarta/transaction/jakarta.transaction-api/2.0.1/jakarta.transaction-api-2.0.1.jar:/Users/steverhoton/.m2/repository/io/smallrye/reactive/mutiny/2.7.0/mutiny-2.7.0.jar:/Users/steverhoton/.m2/repository/org/jctools/jctools-core/4.0.5/jctools-core-4.0.5.jar:/Users/steverhoton/.m2/repository/org/eclipse/microprofile/context-propagation/microprofile-context-propagation-api/1.3/microprofile-context-propagation-api-1.3.jar:/Users/steverhoton/.m2/repository/io/quarkus/quarkus-jackson/3.18.1/quarkus-jackson-3.18.1.jar:/Users/steverhoton/.m2/repository/com/fasterxml/jackson/core/jackson-databind/2.18.2/jackson-databind-2.18.2.jar:/Users/steverhoton/.m2/repository/com/fasterxml/jackson/datatype/jackson-datatype-jsr310/2.18.2/jackson-datatype-jsr310-2.18.2.jar:/Users/steverhoton/.m2/repository/com/fasterxml/jackson/datatype/jackson-datatype-jdk8/2.18.2/jackson-datatype-jdk8-2.18.2.jar:/Users/steverhoton/.m2/repository/com/fasterxml/jackson/module/jackson-module-parameter-names/2.18.2/jackson-module-parameter-names-2.18.2.jar:/Users/steverhoton/.m2/repository/com/fasterxml/jackson/datatype/jackson-datatype-joda/2.18.2/jackson-datatype-joda-2.18.2.jar:/Users/steverhoton/.m2/repository/com/fasterxml/jackson/core/jackson-annotations/2.18.2/jackson-annotations-2.18.2.jar:/Users/steverhoton/.m2/repository/com/fasterxml/jackson/core/jackson-core/2.18.2/jackson-core-2.18.2.jar:/Users/steverhoton/.m2/repository/joda-time/joda-time/2.12.7/joda-time-2.12.7.jar:/Users/steverhoton/.m2/repository/io/rest-assured/rest-assured/5.5.0/rest-assured-5.5.0.jar:/Users/steverhoton/.m2/repository/org/apache/groovy/groovy/4.0.22/groovy-4.0.22.jar:/Users/steverhoton/.m2/repository/org/apache/groovy/groovy-xml/4.0.22/groovy-xml-4.0.22.jar:/Users/steverhoton/.m2/repository/org/apache/httpcomponents/httpclient/4.5.14/httpclient-4.5.14.jar:/Users/steverhoton/.m2/repository/org/apache/httpcomponents/httpcore/4.4.16/httpcore-4.4.16.jar:/Users/steverhoton/.m2/repository/commons-codec/commons-codec/1.17.2/commons-codec-1.17.2.jar:/Users/steverhoton/.m2/repository/org/apache/httpcomponents/httpmime/4.5.14/httpmime-4.5.14.jar:/Users/steverhoton/.m2/repository/org/hamcrest/hamcrest/2.2/hamcrest-2.2.jar:/Users/steverhoton/.m2/repository/org/ccil/cowan/tagsoup/tagsoup/1.2.1/tagsoup-1.2.1.jar:/Users/steverhoton/.m2/repository/io/rest-assured/json-path/5.5.0/json-path-5.5.0.jar:/Users/steverhoton/.m2/repository/org/apache/groovy/groovy-json/4.0.22/groovy-json-4.0.22.jar:/Users/steverhoton/.m2/repository/io/rest-assured/rest-assured-common/5.5.0/rest-assured-common-5.5.0.jar:/Users/steverhoton/.m2/repository/io/rest-assured/xml-path/5.5.0/xml-path-5.5.0.jar:/Users/steverhoton/.m2/repository/org/apache/commons/commons-lang3/3.17.0/commons-lang3-3.17.0.jar:/Users/steverhoton/.m2/repository/io/quarkus/quarkus-junit5/3.18.1/quarkus-junit5-3.18.1.jar:/Users/steverhoton/.m2/repository/io/quarkus/quarkus-bootstrap-core/3.18.1/quarkus-bootstrap-core-3.18.1.jar:/Users/steverhoton/.m2/repository/io/quarkus/quarkus-classloader-commons/3.18.1/quarkus-classloader-commons-3.18.1.jar:/Users/steverhoton/.m2/repository/io/quarkus/quarkus-bootstrap-app-model/3.18.1/quarkus-bootstrap-app-model-3.18.1.jar:/Users/steverhoton/.m2/repository/io/smallrye/common/smallrye-common-io/2.9.0/smallrye-common-io-2.9.0.jar:/Users/steverhoton/.m2/repository/org/eclipse/sisu/org.eclipse.sisu.inject/0.9.0.M3/org.eclipse.sisu.inject-0.9.0.M3.jar:/Users/steverhoton/.m2/repository/io/quarkus/quarkus-test-common/3.18.1/quarkus-test-common-3.18.1.jar:/Users/steverhoton/.m2/repository/io/quarkus/quarkus-core-deployment/3.18.1/quarkus-core-deployment-3.18.1.jar:/Users/steverhoton/.m2/repository/org/aesh/readline/2.6/readline-2.6.jar:/Users/steverhoton/.m2/repository/org/fusesource/jansi/jansi/2.4.0/jansi-2.4.0.jar:/Users/steverhoton/.m2/repository/org/aesh/aesh/2.8.2/aesh-2.8.2.jar:/Users/steverhoton/.m2/repository/io/quarkus/gizmo/gizmo/1.8.0/gizmo-1.8.0.jar:/Users/steverhoton/.m2/repository/org/ow2/asm/asm-util/9.7.1/asm-util-9.7.1.jar:/Users/steverhoton/.m2/repository/org/ow2/asm/asm-analysis/9.7.1/asm-analysis-9.7.1.jar:/Users/steverhoton/.m2/repository/org/ow2/asm/asm/9.7.1/asm-9.7.1.jar:/Users/steverhoton/.m2/repository/org/ow2/asm/asm-commons/9.7.1/asm-commons-9.7.1.jar:/Users/steverhoton/.m2/repository/org/ow2/asm/asm-tree/9.7.1/asm-tree-9.7.1.jar:/Users/steverhoton/.m2/repository/io/quarkus/quarkus-hibernate-validator-spi/3.18.1/quarkus-hibernate-validator-spi-3.18.1.jar:/Users/steverhoton/.m2/repository/io/quarkus/quarkus-class-change-agent/3.18.1/quarkus-class-change-agent-3.18.1.jar:/Users/steverhoton/.m2/repository/io/quarkus/quarkus-devtools-utilities/3.18.1/quarkus-devtools-utilities-3.18.1.jar:/Users/steverhoton/.m2/repository/io/quarkus/quarkus-builder/3.18.1/quarkus-builder-3.18.1.jar:/Users/steverhoton/.m2/repository/org/graalvm/sdk/nativeimage/23.1.2/nativeimage-23.1.2.jar:/Users/steverhoton/.m2/repository/org/graalvm/sdk/word/23.1.2/word-23.1.2.jar:/Users/steverhoton/.m2/repository/org/junit/platform/junit-platform-launcher/1.10.5/junit-platform-launcher-1.10.5.jar:/Users/steverhoton/.m2/repository/io/quarkus/quarkus-bootstrap-maven-resolver/3.18.1/quarkus-bootstrap-maven-resolver-3.18.1.jar:/Users/steverhoton/.m2/repository/io/smallrye/beanbag/smallrye-beanbag-maven/1.5.2/smallrye-beanbag-maven-1.5.2.jar:/Users/steverhoton/.m2/repository/io/smallrye/beanbag/smallrye-beanbag-sisu/1.5.2/smallrye-beanbag-sisu-1.5.2.jar:/Users/steverhoton/.m2/repository/io/smallrye/beanbag/smallrye-beanbag/1.5.2/smallrye-beanbag-1.5.2.jar:/Users/steverhoton/.m2/repository/javax/inject/javax.inject/1/javax.inject-1.jar:/Users/steverhoton/.m2/repository/org/apache/maven/maven-artifact/3.9.9/maven-artifact-3.9.9.jar:/Users/steverhoton/.m2/repository/org/apache/maven/maven-builder-support/3.9.9/maven-builder-support-3.9.9.jar:/Users/steverhoton/.m2/repository/org/apache/maven/maven-model/3.9.9/maven-model-3.9.9.jar:/Users/steverhoton/.m2/repository/org/apache/maven/maven-model-builder/3.9.9/maven-model-builder-3.9.9.jar:/Users/steverhoton/.m2/repository/org/apache/maven/maven-repository-metadata/3.9.9/maven-repository-metadata-3.9.9.jar:/Users/steverhoton/.m2/repository/org/apache/maven/maven-settings/3.9.9/maven-settings-3.9.9.jar:/Users/steverhoton/.m2/repository/org/apache/maven/resolver/maven-resolver-api/1.9.22/maven-resolver-api-1.9.22.jar:/Users/steverhoton/.m2/repository/org/apache/maven/resolver/maven-resolver-impl/1.9.22/maven-resolver-impl-1.9.22.jar:/Users/steverhoton/.m2/repository/org/apache/maven/resolver/maven-resolver-named-locks/1.9.22/maven-resolver-named-locks-1.9.22.jar:/Users/steverhoton/.m2/repository/org/apache/maven/resolver/maven-resolver-spi/1.9.22/maven-resolver-spi-1.9.22.jar:/Users/steverhoton/.m2/repository/org/apache/maven/resolver/maven-resolver-util/1.9.22/maven-resolver-util-1.9.22.jar:/Users/steverhoton/.m2/repository/org/apache/maven/resolver/maven-resolver-transport-http/1.9.20/maven-resolver-transport-http-1.9.20.jar:/Users/steverhoton/.m2/repository/org/apache/maven/wagon/wagon-provider-api/3.5.3/wagon-provider-api-3.5.3.jar:/Users/steverhoton/.m2/repository/org/apache/maven/wagon/wagon-http-shared/3.5.3/wagon-http-shared-3.5.3.jar:/Users/steverhoton/.m2/repository/org/codehaus/plexus/plexus-interpolation/1.26/plexus-interpolation-1.26.jar:/Users/steverhoton/.m2/repository/org/codehaus/plexus/plexus-utils/3.5.1/plexus-utils-3.5.1.jar:/Users/steverhoton/.m2/repository/org/codehaus/plexus/plexus-xml/4.0.1/plexus-xml-4.0.1.jar:/Users/steverhoton/.m2/repository/org/apache/maven/maven-xml-impl/4.0.0-alpha-5/maven-xml-impl-4.0.0-alpha-5.jar:/Users/steverhoton/.m2/repository/org/apache/maven/maven-api-xml/4.0.0-alpha-5/maven-api-xml-4.0.0-alpha-5.jar:/Users/steverhoton/.m2/repository/org/apache/maven/maven-api-meta/4.0.0-alpha-5/maven-api-meta-4.0.0-alpha-5.jar:/Users/steverhoton/.m2/repository/org/codehaus/plexus/plexus-cipher/2.0/plexus-cipher-2.0.jar:/Users/steverhoton/.m2/repository/org/codehaus/plexus/plexus-sec-dispatcher/2.0/plexus-sec-dispatcher-2.0.jar:/Users/steverhoton/.m2/repository/org/apache/maven/maven-embedder/3.9.9/maven-embedder-3.9.9.jar:/Users/steverhoton/.m2/repository/org/apache/maven/maven-core/3.9.9/maven-core-3.9.9.jar:/Users/steverhoton/.m2/repository/org/codehaus/plexus/plexus-component-annotations/2.1.0/plexus-component-annotations-2.1.0.jar:/Users/steverhoton/.m2/repository/org/apache/maven/maven-plugin-api/3.9.9/maven-plugin-api-3.9.9.jar:/Users/steverhoton/.m2/repository/org/apache/maven/shared/maven-shared-utils/3.4.2/maven-shared-utils-3.4.2.jar:/Users/steverhoton/.m2/repository/com/google/inject/guice/5.1.0/guice-5.1.0.jar:/Users/steverhoton/.m2/repository/aopalliance/aopalliance/1.0/aopalliance-1.0.jar:/Users/steverhoton/.m2/repository/com/google/guava/guava/33.4.0-jre/guava-33.4.0-jre.jar:/Users/steverhoton/.m2/repository/com/google/guava/failureaccess/1.0.1/failureaccess-1.0.1.jar:/Users/steverhoton/.m2/repository/javax/annotation/javax.annotation-api/1.3.2/javax.annotation-api-1.3.2.jar:/Users/steverhoton/.m2/repository/org/codehaus/plexus/plexus-classworlds/2.6.0/plexus-classworlds-2.6.0.jar:/Users/steverhoton/.m2/repository/commons-cli/commons-cli/1.8.0/commons-cli-1.8.0.jar:/Users/steverhoton/.m2/repository/org/eclipse/sisu/org.eclipse.sisu.plexus/0.9.0.M3/org.eclipse.sisu.plexus-0.9.0.M3.jar:/Users/steverhoton/.m2/repository/org/apache/maven/maven-settings-builder/3.9.9/maven-settings-builder-3.9.9.jar:/Users/steverhoton/.m2/repository/org/apache/maven/maven-resolver-provider/3.9.9/maven-resolver-provider-3.9.9.jar:/Users/steverhoton/.m2/repository/org/apache/maven/resolver/maven-resolver-connector-basic/1.9.22/maven-resolver-connector-basic-1.9.22.jar:/Users/steverhoton/.m2/repository/org/apache/maven/resolver/maven-resolver-transport-wagon/1.9.22/maven-resolver-transport-wagon-1.9.22.jar:/Users/steverhoton/.m2/repository/org/apache/maven/wagon/wagon-http/3.5.3/wagon-http-3.5.3.jar:/Users/steverhoton/.m2/repository/org/apache/maven/wagon/wagon-file/3.5.3/wagon-file-3.5.3.jar:/Users/steverhoton/.m2/repository/io/quarkus/quarkus-bootstrap-gradle-resolver/3.18.1/quarkus-bootstrap-gradle-resolver-3.18.1.jar:/Users/steverhoton/.m2/repository/io/smallrye/jandex/3.2.3/jandex-3.2.3.jar:/Users/steverhoton/.m2/repository/commons-io/commons-io/2.18.0/commons-io-2.18.0.jar:/Users/steverhoton/.m2/repository/org/jboss/logging/commons-logging-jboss-logging/1.0.0.Final/commons-logging-jboss-logging-1.0.0.Final.jar:/Users/steverhoton/.m2/repository/io/quarkus/quarkus-junit5-config/3.18.1/quarkus-junit5-config-3.18.1.jar:/Users/steverhoton/.m2/repository/org/junit/jupiter/junit-jupiter-api/5.10.5/junit-jupiter-api-5.10.5.jar:/Users/steverhoton/.m2/repository/org/opentest4j/opentest4j/1.3.0/opentest4j-1.3.0.jar:/Users/steverhoton/.m2/repository/org/junit/platform/junit-platform-commons/1.10.5/junit-platform-commons-1.10.5.jar:/Users/steverhoton/.m2/repository/org/apiguardian/apiguardian-api/1.1.2/apiguardian-api-1.1.2.jar:/Users/steverhoton/.m2/repository/io/smallrye/config/smallrye-config/3.11.1/smallrye-config-3.11.1.jar:/Users/steverhoton/.m2/repository/io/smallrye/config/smallrye-config-core/3.11.1/smallrye-config-core-3.11.1.jar:/Users/steverhoton/.m2/repository/org/eclipse/microprofile/config/microprofile-config-api/3.1/microprofile-config-api-3.1.jar:/Users/steverhoton/.m2/repository/io/smallrye/common/smallrye-common-classloader/2.9.0/smallrye-common-classloader-2.9.0.jar:/Users/steverhoton/.m2/repository/io/smallrye/config/smallrye-config-common/3.11.1/smallrye-config-common-3.11.1.jar:/Users/steverhoton/.m2/repository/org/junit/jupiter/junit-jupiter/5.10.5/junit-jupiter-5.10.5.jar:/Users/steverhoton/.m2/repository/org/junit/jupiter/junit-jupiter-params/5.10.5/junit-jupiter-params-5.10.5.jar:/Users/steverhoton/.m2/repository/org/junit/jupiter/junit-jupiter-engine/5.10.5/junit-jupiter-engine-5.10.5.jar:/Users/steverhoton/.m2/repository/org/junit/platform/junit-platform-engine/1.10.5/junit-platform-engine-1.10.5.jar:/Users/steverhoton/.m2/repository/io/quarkus/quarkus-core/3.18.1/quarkus-core-3.18.1.jar:/Users/steverhoton/.m2/repository/jakarta/annotation/jakarta.annotation-api/3.0.0/jakarta.annotation-api-3.0.0.jar:/Users/steverhoton/.m2/repository/jakarta/enterprise/jakarta.enterprise.cdi-api/4.1.0/jakarta.enterprise.cdi-api-4.1.0.jar:/Users/steverhoton/.m2/repository/jakarta/enterprise/jakarta.enterprise.lang-model/4.1.0/jakarta.enterprise.lang-model-4.1.0.jar:/Users/steverhoton/.m2/repository/jakarta/el/jakarta.el-api/5.0.1/jakarta.el-api-5.0.1.jar:/Users/steverhoton/.m2/repository/jakarta/interceptor/jakarta.interceptor-api/2.2.0/jakarta.interceptor-api-2.2.0.jar:/Users/steverhoton/.m2/repository/jakarta/inject/jakarta.inject-api/2.0.1/jakarta.inject-api-2.0.1.jar:/Users/steverhoton/.m2/repository/io/smallrye/common/smallrye-common-os/2.9.0/smallrye-common-os-2.9.0.jar:/Users/steverhoton/.m2/repository/io/quarkus/quarkus-ide-launcher/3.18.1/quarkus-ide-launcher-3.18.1.jar:/Users/steverhoton/.m2/repository/io/quarkus/quarkus-development-mode-spi/3.18.1/quarkus-development-mode-spi-3.18.1.jar:/Users/steverhoton/.m2/repository/org/jboss/logging/jboss-logging/3.6.1.Final/jboss-logging-3.6.1.Final.jar:/Users/steverhoton/.m2/repository/org/jboss/logmanager/jboss-logmanager/3.1.1.Final/jboss-logmanager-3.1.1.Final.jar:/Users/steverhoton/.m2/repository/io/smallrye/common/smallrye-common-constraint/2.9.0/smallrye-common-constraint-2.9.0.jar:/Users/steverhoton/.m2/repository/io/smallrye/common/smallrye-common-cpu/2.9.0/smallrye-common-cpu-2.9.0.jar:/Users/steverhoton/.m2/repository/io/smallrye/common/smallrye-common-expression/2.9.0/smallrye-common-expression-2.9.0.jar:/Users/steverhoton/.m2/repository/io/smallrye/common/smallrye-common-net/2.9.0/smallrye-common-net-2.9.0.jar:/Users/steverhoton/.m2/repository/io/smallrye/common/smallrye-common-ref/2.9.0/smallrye-common-ref-2.9.0.jar:/Users/steverhoton/.m2/repository/jakarta/json/jakarta.json-api/2.1.3/jakarta.json-api-2.1.3.jar:/Users/steverhoton/.m2/repository/org/eclipse/parsson/parsson/1.1.7/parsson-1.1.7.jar:/Users/steverhoton/.m2/repository/org/jboss/logging/jboss-logging-annotations/3.0.3.Final/jboss-logging-annotations-3.0.3.Final.jar:/Users/steverhoton/.m2/repository/org/jboss/threads/jboss-threads/3.8.0.Final/jboss-threads-3.8.0.Final.jar:/Users/steverhoton/.m2/repository/io/smallrye/common/smallrye-common-annotation/2.9.0/smallrye-common-annotation-2.9.0.jar:/Users/steverhoton/.m2/repository/io/smallrye/common/smallrye-common-function/2.9.0/smallrye-common-function-2.9.0.jar:/Users/steverhoton/.m2/repository/org/slf4j/slf4j-api/2.0.6/slf4j-api-2.0.6.jar:/Users/steverhoton/.m2/repository/org/jboss/slf4j/slf4j-jboss-logmanager/2.0.0.Final/slf4j-jboss-logmanager-2.0.0.Final.jar:/Users/steverhoton/.m2/repository/org/wildfly/common/wildfly-common/1.7.0.Final/wildfly-common-1.7.0.Final.jar:/Users/steverhoton/.m2/repository/io/quarkus/quarkus-bootstrap-runner/3.18.1/quarkus-bootstrap-runner-3.18.1.jar:/Users/steverhoton/.m2/repository/io/github/crac/org-crac/0.1.3/org-crac-0.1.3.jar:/Users/steverhoton/.m2/repository/io/quarkus/quarkus-fs-util/0.0.10/quarkus-fs-util-0.0.10.jar:/Users/steverhoton/.m2/repository/org/jboss/marshalling/jboss-marshalling/2.2.2.Final/jboss-marshalling-2.2.2.Final.jar:/Users/steverhoton/.m2/repository/software/amazon/awssdk/s3/2.30.9/s3-2.30.9.jar:/Users/steverhoton/.m2/repository/software/amazon/awssdk/aws-xml-protocol/2.30.9/aws-xml-protocol-2.30.9.jar:/Users/steverhoton/.m2/repository/software/amazon/awssdk/aws-query-protocol/2.30.9/aws-query-protocol-2.30.9.jar:/Users/steverhoton/.m2/repository/software/amazon/awssdk/protocol-core/2.30.9/protocol-core-2.30.9.jar:/Users/steverhoton/.m2/repository/software/amazon/awssdk/arns/2.30.9/arns-2.30.9.jar:/Users/steverhoton/.m2/repository/software/amazon/awssdk/profiles/2.30.9/profiles-2.30.9.jar:/Users/steverhoton/.m2/repository/software/amazon/awssdk/crt-core/2.30.9/crt-core-2.30.9.jar:/Users/steverhoton/.m2/repository/software/amazon/awssdk/http-auth/2.30.9/http-auth-2.30.9.jar:/Users/steverhoton/.m2/repository/software/amazon/awssdk/identity-spi/2.30.9/identity-spi-2.30.9.jar:/Users/steverhoton/.m2/repository/software/amazon/awssdk/http-auth-spi/2.30.9/http-auth-spi-2.30.9.jar:/Users/steverhoton/.m2/repository/org/reactivestreams/reactive-streams/1.0.4/reactive-streams-1.0.4.jar:/Users/steverhoton/.m2/repository/software/amazon/awssdk/http-auth-aws/2.30.9/http-auth-aws-2.30.9.jar:/Users/steverhoton/.m2/repository/software/amazon/awssdk/checksums/2.30.9/checksums-2.30.9.jar:/Users/steverhoton/.m2/repository/software/amazon/awssdk/checksums-spi/2.30.9/checksums-spi-2.30.9.jar:/Users/steverhoton/.m2/repository/software/amazon/awssdk/retries-spi/2.30.9/retries-spi-2.30.9.jar:/Users/steverhoton/.m2/repository/software/amazon/awssdk/sdk-core/2.30.9/sdk-core-2.30.9.jar:/Users/steverhoton/.m2/repository/software/amazon/awssdk/retries/2.30.9/retries-2.30.9.jar:/Users/steverhoton/.m2/repository/software/amazon/awssdk/auth/2.30.9/auth-2.30.9.jar:/Users/steverhoton/.m2/repository/software/amazon/awssdk/http-auth-aws-eventstream/2.30.9/http-auth-aws-eventstream-2.30.9.jar:/Users/steverhoton/.m2/repository/software/amazon/eventstream/eventstream/1.0.1/eventstream-1.0.1.jar:/Users/steverhoton/.m2/repository/software/amazon/awssdk/http-client-spi/2.30.9/http-client-spi-2.30.9.jar:/Users/steverhoton/.m2/repository/software/amazon/awssdk/regions/2.30.9/regions-2.30.9.jar:/Users/steverhoton/.m2/repository/software/amazon/awssdk/annotations/2.30.9/annotations-2.30.9.jar:/Users/steverhoton/.m2/repository/software/amazon/awssdk/utils/2.30.9/utils-2.30.9.jar:/Users/steverhoton/.m2/repository/software/amazon/awssdk/aws-core/2.30.9/aws-core-2.30.9.jar:/Users/steverhoton/.m2/repository/software/amazon/awssdk/metrics-spi/2.30.9/metrics-spi-2.30.9.jar:/Users/steverhoton/.m2/repository/software/amazon/awssdk/json-utils/2.30.9/json-utils-2.30.9.jar:/Users/steverhoton/.m2/repository/software/amazon/awssdk/third-party-jackson-core/2.30.9/third-party-jackson-core-2.30.9.jar:/Users/steverhoton/.m2/repository/software/amazon/awssdk/endpoints-spi/2.30.9/endpoints-spi-2.30.9.jar:/Users/steverhoton/.m2/repository/software/amazon/awssdk/apache-client/2.30.9/apache-client-2.30.9.jar:/Users/steverhoton/.m2/repository/software/amazon/awssdk/netty-nio-client/2.30.9/netty-nio-client-2.30.9.jar:/Users/steverhoton/.m2/repository/io/netty/netty-codec-http/4.1.117.Final/netty-codec-http-4.1.117.Final.jar:/Users/steverhoton/.m2/repository/io/netty/netty-codec-http2/4.1.117.Final/netty-codec-http2-4.1.117.Final.jar:/Users/steverhoton/.m2/repository/io/netty/netty-codec/4.1.117.Final/netty-codec-4.1.117.Final.jar:/Users/steverhoton/.m2/repository/io/netty/netty-transport/4.1.117.Final/netty-transport-4.1.117.Final.jar:/Users/steverhoton/.m2/repository/io/netty/netty-common/4.1.117.Final/netty-common-4.1.117.Final.jar:/Users/steverhoton/.m2/repository/io/netty/netty-buffer/4.1.117.Final/netty-buffer-4.1.117.Final.jar:/Users/steverhoton/.m2/repository/io/netty/netty-handler/4.1.117.Final/netty-handler-4.1.117.Final.jar:/Users/steverhoton/.m2/repository/io/netty/netty-transport-native-unix-common/4.1.117.Final/netty-transport-native-unix-common-4.1.117.Final.jar:/Users/steverhoton/.m2/repository/io/netty/netty-transport-classes-epoll/4.1.117.Final/netty-transport-classes-epoll-4.1.117.Final.jar:/Users/steverhoton/.m2/repository/io/netty/netty-resolver/4.1.117.Final/netty-resolver-4.1.117.Final.jar:/Users/steverhoton/.m2/repository/software/amazon/awssdk/s3-transfer-manager/2.30.9/s3-transfer-manager-2.30.9.jar:/Users/steverhoton/.m2/repository/software/amazon/awssdk/sesv2/2.30.9/sesv2-2.30.9.jar:/Users/steverhoton/.m2/repository/software/amazon/awssdk/aws-json-protocol/2.30.9/aws-json-protocol-2.30.9.jar:/Users/steverhoton/.m2/repository/io/github/openhtmltopdf/openhtmltopdf-core/1.1.24/openhtmltopdf-core-1.1.24.jar:/Users/steverhoton/.m2/repository/io/github/openhtmltopdf/openhtmltopdf-pdfbox/1.1.24/openhtmltopdf-pdfbox-1.1.24.jar:/Users/steverhoton/.m2/repository/org/apache/pdfbox/pdfbox/3.0.3/pdfbox-3.0.3.jar:/Users/steverhoton/.m2/repository/org/apache/pdfbox/pdfbox-io/3.0.3/pdfbox-io-3.0.3.jar:/Users/steverhoton/.m2/repository/org/apache/pdfbox/fontbox/3.0.3/fontbox-3.0.3.jar:/Users/steverhoton/.m2/repository/commons-logging/commons-logging/1.3.3/commons-logging-1.3.3.jar:/Users/steverhoton/.m2/repository/org/apache/pdfbox/xmpbox/3.0.3/xmpbox-3.0.3.jar:/Users/steverhoton/.m2/repository/de/rototor/pdfbox/graphics2d/3.0.1/graphics2d-3.0.1.jar:/Users/steverhoton/.m2/repository/io/github/openhtmltopdf/openhtmltopdf-java2d/1.1.24/openhtmltopdf-java2d-1.1.24.jar:/Users/steverhoton/.m2/repository/com/sun/mail/javax.mail/1.6.2/javax.mail-1.6.2.jar:/Users/steverhoton/.m2/repository/javax/activation/activation/1.1/activation-1.1.jar:"/>
    <property name="java.vm.vendor" value="Homebrew"/>
    <property name="sun.arch.data.model" value="64"/>
    <property name="quarkusRegistryClient" value="true"/>
    <property name="java.vendor.url" value="https://github.com/Homebrew/homebrew-core/issues"/>
    <property name="user.timezone" value="America/New_York"/>
    <property name="logging.initial-configurator.min-level" value="500"/>
    <property name="os.name" value="Mac OS X"/>
    <property name="java.vm.specification.version" value="23"/>
    <property name="sun.java.launcher" value="SUN_STANDARD"/>
    <property name="user.country" value="US"/>
    <property name="groovy.use.classvalue" value="false"/>
    <property name="sun.boot.library.path" value="/opt/homebrew/Cellar/openjdk/23.0.2/libexec/openjdk.jdk/Contents/Home/lib"/>
    <property name="sun.java.command" value="/Users/steverhoton/git/document-processing/java/com.steverhoton.poc.docprocessing/target/surefire/surefirebooter-20250131111609480_3.jar /Users/steverhoton/git/document-processing/java/com.steverhoton.poc.docprocessing/target/surefire 2025-01-31T11-16-09_452-jvmRun1 surefire-20250131111609480_1tmp surefire_0-20250131111609480_2tmp"/>
    <property name="http.nonProxyHosts" value="local|*.local|169.254/16|*.169.254/16"/>
    <property name="jdk.debug" value="release"/>
    <property name="maven.home" value="/opt/homebrew/Cellar/maven/3.9.9/libexec"/>
    <property name="surefire.test.class.path" value="/Users/steverhoton/git/document-processing/java/com.steverhoton.poc.docprocessing/target/test-classes:/Users/steverhoton/git/document-processing/java/com.steverhoton.poc.docprocessing/target/classes:/Users/steverhoton/.m2/repository/io/quarkus/quarkus-amazon-lambda/3.18.1/quarkus-amazon-lambda-3.18.1.jar:/Users/steverhoton/.m2/repository/io/quarkus/quarkus-amazon-lambda-common/3.18.1/quarkus-amazon-lambda-common-3.18.1.jar:/Users/steverhoton/.m2/repository/com/amazonaws/aws-lambda-java-core/1.2.3/aws-lambda-java-core-1.2.3.jar:/Users/steverhoton/.m2/repository/com/amazonaws/aws-lambda-java-events/3.14.0/aws-lambda-java-events-3.14.0.jar:/Users/steverhoton/.m2/repository/io/quarkus/quarkus-arc/3.18.1/quarkus-arc-3.18.1.jar:/Users/steverhoton/.m2/repository/io/quarkus/arc/arc/3.18.1/arc-3.18.1.jar:/Users/steverhoton/.m2/repository/jakarta/transaction/jakarta.transaction-api/2.0.1/jakarta.transaction-api-2.0.1.jar:/Users/steverhoton/.m2/repository/io/smallrye/reactive/mutiny/2.7.0/mutiny-2.7.0.jar:/Users/steverhoton/.m2/repository/org/jctools/jctools-core/4.0.5/jctools-core-4.0.5.jar:/Users/steverhoton/.m2/repository/org/eclipse/microprofile/context-propagation/microprofile-context-propagation-api/1.3/microprofile-context-propagation-api-1.3.jar:/Users/steverhoton/.m2/repository/io/quarkus/quarkus-jackson/3.18.1/quarkus-jackson-3.18.1.jar:/Users/steverhoton/.m2/repository/com/fasterxml/jackson/core/jackson-databind/2.18.2/jackson-databind-2.18.2.jar:/Users/steverhoton/.m2/repository/com/fasterxml/jackson/datatype/jackson-datatype-jsr310/2.18.2/jackson-datatype-jsr310-2.18.2.jar:/Users/steverhoton/.m2/repository/com/fasterxml/jackson/datatype/jackson-datatype-jdk8/2.18.2/jackson-datatype-jdk8-2.18.2.jar:/Users/steverhoton/.m2/repository/com/fasterxml/jackson/module/jackson-module-parameter-names/2.18.2/jackson-module-parameter-names-2.18.2.jar:/Users/steverhoton/.m2/repository/com/fasterxml/jackson/datatype/jackson-datatype-joda/2.18.2/jackson-datatype-joda-2.18.2.jar:/Users/steverhoton/.m2/repository/com/fasterxml/jackson/core/jackson-annotations/2.18.2/jackson-annotations-2.18.2.jar:/Users/steverhoton/.m2/repository/com/fasterxml/jackson/core/jackson-core/2.18.2/jackson-core-2.18.2.jar:/Users/steverhoton/.m2/repository/joda-time/joda-time/2.12.7/joda-time-2.12.7.jar:/Users/steverhoton/.m2/repository/io/rest-assured/rest-assured/5.5.0/rest-assured-5.5.0.jar:/Users/steverhoton/.m2/repository/org/apache/groovy/groovy/4.0.22/groovy-4.0.22.jar:/Users/steverhoton/.m2/repository/org/apache/groovy/groovy-xml/4.0.22/groovy-xml-4.0.22.jar:/Users/steverhoton/.m2/repository/org/apache/httpcomponents/httpclient/4.5.14/httpclient-4.5.14.jar:/Users/steverhoton/.m2/repository/org/apache/httpcomponents/httpcore/4.4.16/httpcore-4.4.16.jar:/Users/steverhoton/.m2/repository/commons-codec/commons-codec/1.17.2/commons-codec-1.17.2.jar:/Users/steverhoton/.m2/repository/org/apache/httpcomponents/httpmime/4.5.14/httpmime-4.5.14.jar:/Users/steverhoton/.m2/repository/org/hamcrest/hamcrest/2.2/hamcrest-2.2.jar:/Users/steverhoton/.m2/repository/org/ccil/cowan/tagsoup/tagsoup/1.2.1/tagsoup-1.2.1.jar:/Users/steverhoton/.m2/repository/io/rest-assured/json-path/5.5.0/json-path-5.5.0.jar:/Users/steverhoton/.m2/repository/org/apache/groovy/groovy-json/4.0.22/groovy-json-4.0.22.jar:/Users/steverhoton/.m2/repository/io/rest-assured/rest-assured-common/5.5.0/rest-assured-common-5.5.0.jar:/Users/steverhoton/.m2/repository/io/rest-assured/xml-path/5.5.0/xml-path-5.5.0.jar:/Users/steverhoton/.m2/repository/org/apache/commons/commons-lang3/3.17.0/commons-lang3-3.17.0.jar:/Users/steverhoton/.m2/repository/io/quarkus/quarkus-junit5/3.18.1/quarkus-junit5-3.18.1.jar:/Users/steverhoton/.m2/repository/io/quarkus/quarkus-bootstrap-core/3.18.1/quarkus-bootstrap-core-3.18.1.jar:/Users/steverhoton/.m2/repository/io/quarkus/quarkus-classloader-commons/3.18.1/quarkus-classloader-commons-3.18.1.jar:/Users/steverhoton/.m2/repository/io/quarkus/quarkus-bootstrap-app-model/3.18.1/quarkus-bootstrap-app-model-3.18.1.jar:/Users/steverhoton/.m2/repository/io/smallrye/common/smallrye-common-io/2.9.0/smallrye-common-io-2.9.0.jar:/Users/steverhoton/.m2/repository/org/eclipse/sisu/org.eclipse.sisu.inject/0.9.0.M3/org.eclipse.sisu.inject-0.9.0.M3.jar:/Users/steverhoton/.m2/repository/io/quarkus/quarkus-test-common/3.18.1/quarkus-test-common-3.18.1.jar:/Users/steverhoton/.m2/repository/io/quarkus/quarkus-core-deployment/3.18.1/quarkus-core-deployment-3.18.1.jar:/Users/steverhoton/.m2/repository/org/aesh/readline/2.6/readline-2.6.jar:/Users/steverhoton/.m2/repository/org/fusesource/jansi/jansi/2.4.0/jansi-2.4.0.jar:/Users/steverhoton/.m2/repository/org/aesh/aesh/2.8.2/aesh-2.8.2.jar:/Users/steverhoton/.m2/repository/io/quarkus/gizmo/gizmo/1.8.0/gizmo-1.8.0.jar:/Users/steverhoton/.m2/repository/org/ow2/asm/asm-util/9.7.1/asm-util-9.7.1.jar:/Users/steverhoton/.m2/repository/org/ow2/asm/asm-analysis/9.7.1/asm-analysis-9.7.1.jar:/Users/steverhoton/.m2/repository/org/ow2/asm/asm/9.7.1/asm-9.7.1.jar:/Users/steverhoton/.m2/repository/org/ow2/asm/asm-commons/9.7.1/asm-commons-9.7.1.jar:/Users/steverhoton/.m2/repository/org/ow2/asm/asm-tree/9.7.1/asm-tree-9.7.1.jar:/Users/steverhoton/.m2/repository/io/quarkus/quarkus-hibernate-validator-spi/3.18.1/quarkus-hibernate-validator-spi-3.18.1.jar:/Users/steverhoton/.m2/repository/io/quarkus/quarkus-class-change-agent/3.18.1/quarkus-class-change-agent-3.18.1.jar:/Users/steverhoton/.m2/repository/io/quarkus/quarkus-devtools-utilities/3.18.1/quarkus-devtools-utilities-3.18.1.jar:/Users/steverhoton/.m2/repository/io/quarkus/quarkus-builder/3.18.1/quarkus-builder-3.18.1.jar:/Users/steverhoton/.m2/repository/org/graalvm/sdk/nativeimage/23.1.2/nativeimage-23.1.2.jar:/Users/steverhoton/.m2/repository/org/graalvm/sdk/word/23.1.2/word-23.1.2.jar:/Users/steverhoton/.m2/repository/org/junit/platform/junit-platform-launcher/1.10.5/junit-platform-launcher-1.10.5.jar:/Users/steverhoton/.m2/repository/io/quarkus/quarkus-bootstrap-maven-resolver/3.18.1/quarkus-bootstrap-maven-resolver-3.18.1.jar:/Users/steverhoton/.m2/repository/io/smallrye/beanbag/smallrye-beanbag-maven/1.5.2/smallrye-beanbag-maven-1.5.2.jar:/Users/steverhoton/.m2/repository/io/smallrye/beanbag/smallrye-beanbag-sisu/1.5.2/smallrye-beanbag-sisu-1.5.2.jar:/Users/steverhoton/.m2/repository/io/smallrye/beanbag/smallrye-beanbag/1.5.2/smallrye-beanbag-1.5.2.jar:/Users/steverhoton/.m2/repository/javax/inject/javax.inject/1/javax.inject-1.jar:/Users/steverhoton/.m2/repository/org/apache/maven/maven-artifact/3.9.9/maven-artifact-3.9.9.jar:/Users/steverhoton/.m2/repository/org/apache/maven/maven-builder-support/3.9.9/maven-builder-support-3.9.9.jar:/Users/steverhoton/.m2/repository/org/apache/maven/maven-model/3.9.9/maven-model-3.9.9.jar:/Users/steverhoton/.m2/repository/org/apache/maven/maven-model-builder/3.9.9/maven-model-builder-3.9.9.jar:/Users/steverhoton/.m2/repository/org/apache/maven/maven-repository-metadata/3.9.9/maven-repository-metadata-3.9.9.jar:/Users/steverhoton/.m2/repository/org/apache/maven/maven-settings/3.9.9/maven-settings-3.9.9.jar:/Users/steverhoton/.m2/repository/org/apache/maven/resolver/maven-resolver-api/1.9.22/maven-resolver-api-1.9.22.jar:/Users/steverhoton/.m2/repository/org/apache/maven/resolver/maven-resolver-impl/1.9.22/maven-resolver-impl-1.9.22.jar:/Users/steverhoton/.m2/repository/org/apache/maven/resolver/maven-resolver-named-locks/1.9.22/maven-resolver-named-locks-1.9.22.jar:/Users/steverhoton/.m2/repository/org/apache/maven/resolver/maven-resolver-spi/1.9.22/maven-resolver-spi-1.9.22.jar:/Users/steverhoton/.m2/repository/org/apache/maven/resolver/maven-resolver-util/1.9.22/maven-resolver-util-1.9.22.jar:/Users/steverhoton/.m2/repository/org/apache/maven/resolver/maven-resolver-transport-http/1.9.20/maven-resolver-transport-http-1.9.20.jar:/Users/steverhoton/.m2/repository/org/apache/maven/wagon/wagon-provider-api/3.5.3/wagon-provider-api-3.5.3.jar:/Users/steverhoton/.m2/repository/org/apache/maven/wagon/wagon-http-shared/3.5.3/wagon-http-shared-3.5.3.jar:/Users/steverhoton/.m2/repository/org/codehaus/plexus/plexus-interpolation/1.26/plexus-interpolation-1.26.jar:/Users/steverhoton/.m2/repository/org/codehaus/plexus/plexus-utils/3.5.1/plexus-utils-3.5.1.jar:/Users/steverhoton/.m2/repository/org/codehaus/plexus/plexus-xml/4.0.1/plexus-xml-4.0.1.jar:/Users/steverhoton/.m2/repository/org/apache/maven/maven-xml-impl/4.0.0-alpha-5/maven-xml-impl-4.0.0-alpha-5.jar:/Users/steverhoton/.m2/repository/org/apache/maven/maven-api-xml/4.0.0-alpha-5/maven-api-xml-4.0.0-alpha-5.jar:/Users/steverhoton/.m2/repository/org/apache/maven/maven-api-meta/4.0.0-alpha-5/maven-api-meta-4.0.0-alpha-5.jar:/Users/steverhoton/.m2/repository/org/codehaus/plexus/plexus-cipher/2.0/plexus-cipher-2.0.jar:/Users/steverhoton/.m2/repository/org/codehaus/plexus/plexus-sec-dispatcher/2.0/plexus-sec-dispatcher-2.0.jar:/Users/steverhoton/.m2/repository/org/apache/maven/maven-embedder/3.9.9/maven-embedder-3.9.9.jar:/Users/steverhoton/.m2/repository/org/apache/maven/maven-core/3.9.9/maven-core-3.9.9.jar:/Users/steverhoton/.m2/repository/org/codehaus/plexus/plexus-component-annotations/2.1.0/plexus-component-annotations-2.1.0.jar:/Users/steverhoton/.m2/repository/org/apache/maven/maven-plugin-api/3.9.9/maven-plugin-api-3.9.9.jar:/Users/steverhoton/.m2/repository/org/apache/maven/shared/maven-shared-utils/3.4.2/maven-shared-utils-3.4.2.jar:/Users/steverhoton/.m2/repository/com/google/inject/guice/5.1.0/guice-5.1.0.jar:/Users/steverhoton/.m2/repository/aopalliance/aopalliance/1.0/aopalliance-1.0.jar:/Users/steverhoton/.m2/repository/com/google/guava/guava/33.4.0-jre/guava-33.4.0-jre.jar:/Users/steverhoton/.m2/repository/com/google/guava/failureaccess/1.0.1/failureaccess-1.0.1.jar:/Users/steverhoton/.m2/repository/javax/annotation/javax.annotation-api/1.3.2/javax.annotation-api-1.3.2.jar:/Users/steverhoton/.m2/repository/org/codehaus/plexus/plexus-classworlds/2.6.0/plexus-classworlds-2.6.0.jar:/Users/steverhoton/.m2/repository/commons-cli/commons-cli/1.8.0/commons-cli-1.8.0.jar:/Users/steverhoton/.m2/repository/org/eclipse/sisu/org.eclipse.sisu.plexus/0.9.0.M3/org.eclipse.sisu.plexus-0.9.0.M3.jar:/Users/steverhoton/.m2/repository/org/apache/maven/maven-settings-builder/3.9.9/maven-settings-builder-3.9.9.jar:/Users/steverhoton/.m2/repository/org/apache/maven/maven-resolver-provider/3.9.9/maven-resolver-provider-3.9.9.jar:/Users/steverhoton/.m2/repository/org/apache/maven/resolver/maven-resolver-connector-basic/1.9.22/maven-resolver-connector-basic-1.9.22.jar:/Users/steverhoton/.m2/repository/org/apache/maven/resolver/maven-resolver-transport-wagon/1.9.22/maven-resolver-transport-wagon-1.9.22.jar:/Users/steverhoton/.m2/repository/org/apache/maven/wagon/wagon-http/3.5.3/wagon-http-3.5.3.jar:/Users/steverhoton/.m2/repository/org/apache/maven/wagon/wagon-file/3.5.3/wagon-file-3.5.3.jar:/Users/steverhoton/.m2/repository/io/quarkus/quarkus-bootstrap-gradle-resolver/3.18.1/quarkus-bootstrap-gradle-resolver-3.18.1.jar:/Users/steverhoton/.m2/repository/io/smallrye/jandex/3.2.3/jandex-3.2.3.jar:/Users/steverhoton/.m2/repository/commons-io/commons-io/2.18.0/commons-io-2.18.0.jar:/Users/steverhoton/.m2/repository/org/jboss/logging/commons-logging-jboss-logging/1.0.0.Final/commons-logging-jboss-logging-1.0.0.Final.jar:/Users/steverhoton/.m2/repository/io/quarkus/quarkus-junit5-config/3.18.1/quarkus-junit5-config-3.18.1.jar:/Users/steverhoton/.m2/repository/org/junit/jupiter/junit-jupiter-api/5.10.5/junit-jupiter-api-5.10.5.jar:/Users/steverhoton/.m2/repository/org/opentest4j/opentest4j/1.3.0/opentest4j-1.3.0.jar:/Users/steverhoton/.m2/repository/org/junit/platform/junit-platform-commons/1.10.5/junit-platform-commons-1.10.5.jar:/Users/steverhoton/.m2/repository/org/apiguardian/apiguardian-api/1.1.2/apiguardian-api-1.1.2.jar:/Users/steverhoton/.m2/repository/io/smallrye/config/smallrye-config/3.11.1/smallrye-config-3.11.1.jar:/Users/steverhoton/.m2/repository/io/smallrye/config/smallrye-config-core/3.11.1/smallrye-config-core-3.11.1.jar:/Users/steverhoton/.m2/repository/org/eclipse/microprofile/config/microprofile-config-api/3.1/microprofile-config-api-3.1.jar:/Users/steverhoton/.m2/repository/io/smallrye/common/smallrye-common-classloader/2.9.0/smallrye-common-classloader-2.9.0.jar:/Users/steverhoton/.m2/repository/io/smallrye/config/smallrye-config-common/3.11.1/smallrye-config-common-3.11.1.jar:/Users/steverhoton/.m2/repository/org/junit/jupiter/junit-jupiter/5.10.5/junit-jupiter-5.10.5.jar:/Users/steverhoton/.m2/repository/org/junit/jupiter/junit-jupiter-params/5.10.5/junit-jupiter-params-5.10.5.jar:/Users/steverhoton/.m2/repository/org/junit/jupiter/junit-jupiter-engine/5.10.5/junit-jupiter-engine-5.10.5.jar:/Users/steverhoton/.m2/repository/org/junit/platform/junit-platform-engine/1.10.5/junit-platform-engine-1.10.5.jar:/Users/steverhoton/.m2/repository/io/quarkus/quarkus-core/3.18.1/quarkus-core-3.18.1.jar:/Users/steverhoton/.m2/repository/jakarta/annotation/jakarta.annotation-api/3.0.0/jakarta.annotation-api-3.0.0.jar:/Users/steverhoton/.m2/repository/jakarta/enterprise/jakarta.enterprise.cdi-api/4.1.0/jakarta.enterprise.cdi-api-4.1.0.jar:/Users/steverhoton/.m2/repository/jakarta/enterprise/jakarta.enterprise.lang-model/4.1.0/jakarta.enterprise.lang-model-4.1.0.jar:/Users/steverhoton/.m2/repository/jakarta/el/jakarta.el-api/5.0.1/jakarta.el-api-5.0.1.jar:/Users/steverhoton/.m2/repository/jakarta/interceptor/jakarta.interceptor-api/2.2.0/jakarta.interceptor-api-2.2.0.jar:/Users/steverhoton/.m2/repository/jakarta/inject/jakarta.inject-api/2.0.1/jakarta.inject-api-2.0.1.jar:/Users/steverhoton/.m2/repository/io/smallrye/common/smallrye-common-os/2.9.0/smallrye-common-os-2.9.0.jar:/Users/steverhoton/.m2/repository/io/quarkus/quarkus-ide-launcher/3.18.1/quarkus-ide-launcher-3.18.1.jar:/Users/steverhoton/.m2/repository/io/quarkus/quarkus-development-mode-spi/3.18.1/quarkus-development-mode-spi-3.18.1.jar:/Users/steverhoton/.m2/repository/org/jboss/logging/jboss-logging/3.6.1.Final/jboss-logging-3.6.1.Final.jar:/Users/steverhoton/.m2/repository/org/jboss/logmanager/jboss-logmanager/3.1.1.Final/jboss-logmanager-3.1.1.Final.jar:/Users/steverhoton/.m2/repository/io/smallrye/common/smallrye-common-constraint/2.9.0/smallrye-common-constraint-2.9.0.jar:/Users/steverhoton/.m2/repository/io/smallrye/common/smallrye-common-cpu/2.9.0/smallrye-common-cpu-2.9.0.jar:/Users/steverhoton/.m2/repository/io/smallrye/common/smallrye-common-expression/2.9.0/smallrye-common-expression-2.9.0.jar:/Users/steverhoton/.m2/repository/io/smallrye/common/smallrye-common-net/2.9.0/smallrye-common-net-2.9.0.jar:/Users/steverhoton/.m2/repository/io/smallrye/common/smallrye-common-ref/2.9.0/smallrye-common-ref-2.9.0.jar:/Users/steverhoton/.m2/repository/jakarta/json/jakarta.json-api/2.1.3/jakarta.json-api-2.1.3.jar:/Users/steverhoton/.m2/repository/org/eclipse/parsson/parsson/1.1.7/parsson-1.1.7.jar:/Users/steverhoton/.m2/repository/org/jboss/logging/jboss-logging-annotations/3.0.3.Final/jboss-logging-annotations-3.0.3.Final.jar:/Users/steverhoton/.m2/repository/org/jboss/threads/jboss-threads/3.8.0.Final/jboss-threads-3.8.0.Final.jar:/Users/steverhoton/.m2/repository/io/smallrye/common/smallrye-common-annotation/2.9.0/smallrye-common-annotation-2.9.0.jar:/Users/steverhoton/.m2/repository/io/smallrye/common/smallrye-common-function/2.9.0/smallrye-common-function-2.9.0.jar:/Users/steverhoton/.m2/repository/org/slf4j/slf4j-api/2.0.6/slf4j-api-2.0.6.jar:/Users/steverhoton/.m2/repository/org/jboss/slf4j/slf4j-jboss-logmanager/2.0.0.Final/slf4j-jboss-logmanager-2.0.0.Final.jar:/Users/steverhoton/.m2/repository/org/wildfly/common/wildfly-common/1.7.0.Final/wildfly-common-1.7.0.Final.jar:/Users/steverhoton/.m2/repository/io/quarkus/quarkus-bootstrap-runner/3.18.1/quarkus-bootstrap-runner-3.18.1.jar:/Users/steverhoton/.m2/repository/io/github/crac/org-crac/0.1.3/org-crac-0.1.3.jar:/Users/steverhoton/.m2/repository/io/quarkus/quarkus-fs-util/0.0.10/quarkus-fs-util-0.0.10.jar:/Users/steverhoton/.m2/repository/org/jboss/marshalling/jboss-marshalling/2.2.2.Final/jboss-marshalling-2.2.2.Final.jar:/Users/steverhoton/.m2/repository/software/amazon/awssdk/s3/2.30.9/s3-2.30.9.jar:/Users/steverhoton/.m2/repository/software/amazon/awssdk/aws-xml-protocol/2.30.9/aws-xml-protocol-2.30.9.jar:/Users/steverhoton/.m2/repository/software/amazon/awssdk/aws-query-protocol/2.30.9/aws-query-protocol-2.30.9.jar:/Users/steverhoton/.m2/repository/software/amazon/awssdk/protocol-core/2.30.9/protocol-core-2.30.9.jar:/Users/steverhoton/.m2/repository/software/amazon/awssdk/arns/2.30.9/arns-2.30.9.jar:/Users/steverhoton/.m2/repository/software/amazon/awssdk/profiles/2.30.9/profiles-2.30.9.jar:/Users/steverhoton/.m2/repository/software/amazon/awssdk/crt-core/2.30.9/crt-core-2.30.9.jar:/Users/steverhoton/.m2/repository/software/amazon/awssdk/http-auth/2.30.9/http-auth-2.30.9.jar:/Users/steverhoton/.m2/repository/software/amazon/awssdk/identity-spi/2.30.9/identity-spi-2.30.9.jar:/Users/steverhoton/.m2/repository/software/amazon/awssdk/http-auth-spi/2.30.9/http-auth-spi-2.30.9.jar:/Users/steverhoton/.m2/repository/org/reactivestreams/reactive-streams/1.0.4/reactive-streams-1.0.4.jar:/Users/steverhoton/.m2/repository/software/amazon/awssdk/http-auth-aws/2.30.9/http-auth-aws-2.30.9.jar:/Users/steverhoton/.m2/repository/software/amazon/awssdk/checksums/2.30.9/checksums-2.30.9.jar:/Users/steverhoton/.m2/repository/software/amazon/awssdk/checksums-spi/2.30.9/checksums-spi-2.30.9.jar:/Users/steverhoton/.m2/repository/software/amazon/awssdk/retries-spi/2.30.9/retries-spi-2.30.9.jar:/Users/steverhoton/.m2/repository/software/amazon/awssdk/sdk-core/2.30.9/sdk-core-2.30.9.jar:/Users/steverhoton/.m2/repository/software/amazon/awssdk/retries/2.30.9/retries-2.30.9.jar:/Users/steverhoton/.m2/repository/software/amazon/awssdk/auth/2.30.9/auth-2.30.9.jar:/Users/steverhoton/.m2/repository/software/amazon/awssdk/http-auth-aws-eventstream/2.30.9/http-auth-aws-eventstream-2.30.9.jar:/Users/steverhoton/.m2/repository/software/amazon/eventstream/eventstream/1.0.1/eventstream-1.0.1.jar:/Users/steverhoton/.m2/repository/software/amazon/awssdk/http-client-spi/2.30.9/http-client-spi-2.30.9.jar:/Users/steverhoton/.m2/repository/software/amazon/awssdk/regions/2.30.9/regions-2.30.9.jar:/Users/steverhoton/.m2/repository/software/amazon/awssdk/annotations/2.30.9/annotations-2.30.9.jar:/Users/steverhoton/.m2/repository/software/amazon/awssdk/utils/2.30.9/utils-2.30.9.jar:/Users/steverhoton/.m2/repository/software/amazon/awssdk/aws-core/2.30.9/aws-core-2.30.9.jar:/Users/steverhoton/.m2/repository/software/amazon/awssdk/metrics-spi/2.30.9/metrics-spi-2.30.9.jar:/Users/steverhoton/.m2/repository/software/amazon/awssdk/json-utils/2.30.9/json-utils-2.30.9.jar:/Users/steverhoton/.m2/repository/software/amazon/awssdk/third-party-jackson-core/2.30.9/third-party-jackson-core-2.30.9.jar:/Users/steverhoton/.m2/repository/software/amazon/awssdk/endpoints-spi/2.30.9/endpoints-spi-2.30.9.jar:/Users/steverhoton/.m2/repository/software/amazon/awssdk/apache-client/2.30.9/apache-client-2.30.9.jar:/Users/steverhoton/.m2/repository/software/amazon/awssdk/netty-nio-client/2.30.9/netty-nio-client-2.30.9.jar:/Users/steverhoton/.m2/repository/io/netty/netty-codec-http/4.1.117.Final/netty-codec-http-4.1.117.Final.jar:/Users/steverhoton/.m2/repository/io/netty/netty-codec-http2/4.1.117.Final/netty-codec-http2-4.1.117.Final.jar:/Users/steverhoton/.m2/repository/io/netty/netty-codec/4.1.117.Final/netty-codec-4.1.117.Final.jar:/Users/steverhoton/.m2/repository/io/netty/netty-transport/4.1.117.Final/netty-transport-4.1.117.Final.jar:/Users/steverhoton/.m2/repository/io/netty/netty-common/4.1.117.Final/netty-common-4.1.117.Final.jar:/Users/steverhoton/.m2/repository/io/netty/netty-buffer/4.1.117.Final/netty-buffer-4.1.117.Final.jar:/Users/steverhoton/.m2/repository/io/netty/netty-handler/4.1.117.Final/netty-handler-4.1.117.Final.jar:/Users/steverhoton/.m2/repository/io/netty/netty-transport-native-unix-common/4.1.117.Final/netty-transport-native-unix-common-4.1.117.Final.jar:/Users/steverhoton/.m2/repository/io/netty/netty-transport-classes-epoll/4.1.117.Final/netty-transport-classes-epoll-4.1.117.Final.jar:/Users/steverhoton/.m2/repository/io/netty/netty-resolver/4.1.117.Final/netty-resolver-4.1.117.Final.jar:/Users/steverhoton/.m2/repository/software/amazon/awssdk/s3-transfer-manager/2.30.9/s3-transfer-manager-2.30.9.jar:/Users/steverhoton/.m2/repository/software/amazon/awssdk/sesv2/2.30.9/sesv2-2.30.9.jar:/Users/steverhoton/.m2/repository/software/amazon/awssdk/aws-json-protocol/2.30.9/aws-json-protocol-2.30.9.jar:/Users/steverhoton/.m2/repository/io/github/openhtmltopdf/openhtmltopdf-core/1.1.24/openhtmltopdf-core-1.1.24.jar:/Users/steverhoton/.m2/repository/io/github/openhtmltopdf/openhtmltopdf-pdfbox/1.1.24/openhtmltopdf-pdfbox-1.1.24.jar:/Users/steverhoton/.m2/repository/org/apache/pdfbox/pdfbox/3.0.3/pdfbox-3.0.3.jar:/Users/steverhoton/.m2/repository/org/apache/pdfbox/pdfbox-io/3.0.3/pdfbox-io-3.0.3.jar:/Users/steverhoton/.m2/repository/org/apache/pdfbox/fontbox/3.0.3/fontbox-3.0.3.jar:/Users/steverhoton/.m2/repository/commons-logging/commons-logging/1.3.3/commons-logging-1.3.3.jar:/Users/steverhoton/.m2/repository/org/apache/pdfbox/xmpbox/3.0.3/xmpbox-3.0.3.jar:/Users/steverhoton/.m2/repository/de/rototor/pdfbox/graphics2d/3.0.1/graphics2d-3.0.1.jar:/Users/steverhoton/.m2/repository/io/github/openhtmltopdf/openhtmltopdf-java2d/1.1.24/openhtmltopdf-java2d-1.1.24.jar:/Users/steverhoton/.m2/repository/com/sun/mail/javax.mail/1.6.2/javax.mail-1.6.2.jar:/Users/steverhoton/.m2/repository/javax/activation/activation/1.1/activation-1.1.jar:"/>
    <property name="sun.cpu.endian" value="little"/>
    <property name="user.home" value="/Users/steverhoton"/>
    <property name="user.language" value="en"/>
    <property name="jboss.log-version" value="false"/>
    <property name="java.specification.vendor" value="Oracle Corporation"/>
    <property name="java.version.date" value="2025-01-21"/>
    <property name="java.home" value="/opt/homebrew/Cellar/openjdk/23.0.2/libexec/openjdk.jdk/Contents/Home"/>
    <property name="file.separator" value="/"/>
    <property name="basedir" value="/Users/steverhoton/git/document-processing/java/com.steverhoton.poc.docprocessing"/>
    <property name="style.color" value="always"/>
    <property name="java.vm.compressedOopsMode" value="Zero based"/>
    <property name="line.separator" value="&#10;"/>
    <property name="java.vm.specification.vendor" value="Oracle Corporation"/>
    <property name="java.specification.name" value="Java Platform API Specification"/>
    <property name="apple.awt.application.name" value="ForkedBooter"/>
    <property name="surefire.real.class.path" value="/Users/steverhoton/git/document-processing/java/com.steverhoton.poc.docprocessing/target/surefire/surefirebooter-20250131111609480_3.jar"/>
    <property name="sun.management.compiler" value="HotSpot 64-Bit Tiered Compilers"/>
    <property name="ftp.nonProxyHosts" value="local|*.local|169.254/16|*.169.254/16"/>
    <property name="java.runtime.version" value="23.0.2"/>
    <property name="user.name" value="steverhoton"/>
    <property name="stdout.encoding" value="UTF-8"/>
    <property name="path.separator" value=":"/>
    <property name="os.version" value="15.2"/>
    <property name="java.runtime.name" value="OpenJDK Runtime Environment"/>
    <property name="file.encoding" value="UTF-8"/>
    <property name="java.vm.name" value="OpenJDK 64-Bit Server VM"/>
    <property name="java.vendor.version" value="Homebrew"/>
    <property name="localRepository" value="/Users/steverhoton/.m2/repository"/>
    <property name="java.vendor.url.bug" value="https://github.com/Homebrew/homebrew-core/issues"/>
    <property name="java.io.tmpdir" value="/var/folders/qt/r4df7l017rqdbwrfd1x5zbj40000gp/T/"/>
    <property name="quarkus.log.file.path" value="target/quarkus.log"/>
    <property name="java.version" value="23.0.2"/>
    <property name="java.util.concurrent.ForkJoinPool.common.threadFactory" value="io.quarkus.bootstrap.forkjoin.QuarkusForkJoinWorkerThreadFactory"/>
    <property name="user.dir" value="/Users/steverhoton/git/document-processing/java/com.steverhoton.poc.docprocessing"/>
    <property name="os.arch" value="aarch64"/>
    <property name="java.vm.specification.name" value="Java Virtual Machine Specification"/>
    <property name="com.amazonaws.xray.traceHeader" value="f1bb812f-0ce1-4c60-ade3-56bf8b53fd92"/>
    <property name="native.encoding" value="UTF-8"/>
    <property name="java.util.logging.manager" value="org.jboss.logmanager.LogManager"/>
    <property name="java.library.path" value="/Users/steverhoton/Library/Java/Extensions:/Library/Java/Extensions:/Network/Library/Java/Extensions:/System/Library/Java/Extensions:/usr/lib/java:."/>
    <property name="jdk.console" value="java.base"/>
    <property name="java.vm.info" value="mixed mode, sharing"/>
    <property name="stderr.encoding" value="UTF-8"/>
    <property name="java.vendor" value="Homebrew"/>
    <property name="java.vm.version" value="23.0.2"/>
    <property name="sun.io.unicode.encoding" value="UnicodeBig"/>
    <property name="socksNonProxyHosts" value="local|*.local|169.254/16|*.169.254/16"/>
    <property name="java.class.version" value="67.0"/>
  </properties>
  <testcase name="testSimpleLambdaSuccess" classname="com.steverhoton.poc.docprocessing.LambdaHandlerTest" time="0.355">
    <system-out><![CDATA[2025-01-31 11:16:10,310 WARN  [io.net.res.dns.DnsServerAddressStreamProviders] (build-14) Can not find io.netty.resolver.dns.macos.MacOSDnsServerAddressStreamProvider in the classpath, fallback to system defaults. This may result in incorrect DNS resolutions on MacOS. Check whether you have a dependency on 'io.netty:netty-resolver-dns-native-macos'
2025-01-31 11:16:10,371 INFO  [io.qua.ama.lam.run.MockEventServer] (build-14) Mock Lambda Event Server Started
2025-01-31 11:16:10,673 INFO  [io.qua.ama.lam.run.AbstractLambdaPollLoop] (Lambda Thread (TEST)) Listening on: http://localhost:8081/_lambda_/2018-06-01/runtime/invocation/next
2025-01-31 11:16:10,679 INFO  [io.quarkus] (main) com.steverhoton.poc.docprocessing 1.0-SNAPSHOT on JVM (powered by Quarkus 3.18.1) started in 0.671s. 
2025-01-31 11:16:10,679 INFO  [io.quarkus] (main) Profile test activated. 
2025-01-31 11:16:10,679 INFO  [io.quarkus] (main) Installed features: [amazon-lambda, cdi]
]]></system-out>
  </testcase>
</testsuite>